{"level":"DEBUG","location":"[get_call:140] fyersModel","message":{"Status Code":200,"API":"/history"},"timestamp":"2025-10-18 16:18:06,900+0530","service":"FyersAPIRequest"}
{"level":"DEBUG","location":"[get_call:140] fyersModel","message":{"Status Code":200,"API":"/history"},"timestamp":"2025-10-18 16:18:41,217+0530","service":"FyersAPIRequest"}
{"level":"DEBUG","location":"[get_call:140] fyersModel","message":{"Status Code":200,"API":"/depth"},"timestamp":"2025-10-18 16:18:59,376+0530","service":"FyersAPIRequest"}
{"level":"DEBUG","location":"[get_call:140] fyersModel","message":{"Status Code":200,"API":"/quotes"},"timestamp":"2025-10-18 16:22:19,628+0530","service":"FyersAPIRequest"}
{"level":"DEBUG","location":"[get_call:140] fyersModel","message":{"Status Code":200,"API":"/quotes"},"timestamp":"2025-10-18 16:31:07,919+0530","service":"FyersAPIRequest"}
{"level":"DEBUG","location":"[get_call:140] fyersModel","message":{"Status Code":200,"API":"/depth"},"timestamp":"2025-10-18 16:33:21,199+0530","service":"FyersAPIRequest"}
{"level":"DEBUG","location":"[get_call:140] fyersModel","message":{"Status Code":200,"API":"/quotes"},"timestamp":"2025-10-18 16:34:26,030+0530","service":"FyersAPIRequest"}
{"level":"DEBUG","location":"[get_call:140] fyersModel","message":{"Status Code":200,"API":"/quotes"},"timestamp":"2025-10-18 16:35:13,444+0530","service":"FyersAPIRequest"}
{"level":"DEBUG","location":"[get_call:140] fyersModel","message":{"Status Code":200,"API":"/quotes"},"timestamp":"2025-10-18 17:01:24,111+0530","service":"FyersAPIRequest"}
{"level":"DEBUG","location":"[get_call:140] fyersModel","message":{"Status Code":401,"API":"/quotes"},"timestamp":"2025-10-18 17:15:34,569+0530","service":"FyersAPIRequest"}
{"level":"DEBUG","location":"[get_call:140] fyersModel","message":{"Status Code":200,"API":"/quotes"},"timestamp":"2025-10-18 19:41:46,820+0530","service":"FyersAPIRequest"}
{"level":"DEBUG","location":"[get_call:140] fyersModel","message":{"Status Code":200,"API":"/quotes"},"timestamp":"2025-10-18 19:42:02,993+0530","service":"FyersAPIRequest"}
{"level":"DEBUG","location":"[get_call:140] fyersModel","message":{"Status Code":200,"API":"/quotes"},"timestamp":"2025-10-18 19:49:37,604+0530","service":"FyersAPIRequest"}
{"level":"DEBUG","location":"[get_call:140] fyersModel","message":{"Status Code":200,"API":"/quotes"},"timestamp":"2025-10-18 19:54:35,727+0530","service":"FyersAPIRequest"}
{"level":"DEBUG","location":"[get_call:140] fyersModel","message":{"Status Code":401,"API":"/quotes"},"timestamp":"2025-10-19 00:36:01,254+0530","service":"FyersAPIRequest"}
{"level":"DEBUG","location":"[get_call:140] fyersModel","message":{"Status Code":401,"API":"/quotes"},"timestamp":"2025-10-19 00:37:03,486+0530","service":"FyersAPIRequest"}
{"level":"DEBUG","location":"[get_call:140] fyersModel","message":{"Status Code":401,"API":"/quotes"},"timestamp":"2025-10-19 00:37:19,820+0530","service":"FyersAPIRequest"}
{"level":"DEBUG","location":"[get_call:140] fyersModel","message":{"Status Code":200,"API":"/quotes"},"timestamp":"2025-10-19 00:38:11,885+0530","service":"FyersAPIRequest"}
{"level":"DEBUG","location":"[get_call:140] fyersModel","message":{"Status Code":200,"API":"/quotes"},"timestamp":"2025-10-19 00:44:14,268+0530","service":"FyersAPIRequest"}
{"level":"DEBUG","location":"[get_call:140] fyersModel","message":{"Status Code":200,"API":"/quotes"},"timestamp":"2025-10-19 00:54:56,892+0530","service":"FyersAPIRequest"}
{"level":"DEBUG","location":"[get_call:140] fyersModel","message":{"Status Code":200,"API":"/profile"},"timestamp":"2025-10-19 00:55:04,726+0530","service":"FyersAPIRequest"}
{"level":"DEBUG","location":"[get_call:140] fyersModel","message":{"Status Code":200,"API":"/profile"},"timestamp":"2025-10-19 00:56:03,843+0530","service":"FyersAPIRequest"}
{"level":"DEBUG","location":"[get_call:140] fyersModel","message":{"Status Code":200,"API":"/quotes"},"timestamp":"2025-10-19 00:56:40,087+0530","service":"FyersAPIRequest"}
{"level":"DEBUG","location":"[get_call:140] fyersModel","message":{"Status Code":200,"API":"/quotes"},"timestamp":"2025-10-19 00:58:24,898+0530","service":"FyersAPIRequest"}
{"level":"DEBUG","location":"[get_call:140] fyersModel","message":{"Status Code":500,"API":"/profile"},"timestamp":"2025-10-19 01:01:44,461+0530","service":"FyersAPIRequest"}
{"level":"DEBUG","location":"[get_call:140] fyersModel","message":{"Status Code":200,"API":"/quotes"},"timestamp":"2025-10-19 01:02:56,308+0530","service":"FyersAPIRequest"}
{"level":"DEBUG","location":"[get_call:140] fyersModel","message":{"Status Code":200,"API":"/profile"},"timestamp":"2025-10-19 01:03:06,481+0530","service":"FyersAPIRequest"}
{"level":"DEBUG","location":"[get_call:140] fyersModel","message":{"Status Code":200,"API":"/profile"},"timestamp":"2025-10-19 01:16:37,436+0530","service":"FyersAPIRequest"}
{"level":"DEBUG","location":"[get_call:140] fyersModel","message":{"Status Code":200,"API":"/quotes"},"timestamp":"2025-10-19 01:19:23,680+0530","service":"FyersAPIRequest"}
{"level":"DEBUG","location":"[get_call:140] fyersModel","message":{"Status Code":200,"API":"/profile"},"timestamp":"2025-10-20 00:56:28,630+0530","service":"FyersAPIRequest"}
{"level":"DEBUG","location":"[get_call:140] fyersModel","message":{"Status Code":200,"API":"/profile"},"timestamp":"2025-10-20 00:59:15,393+0530","service":"FyersAPIRequest"}
{"level":"DEBUG","location":"[get_call:140] fyersModel","message":{"Status Code":200,"API":"/profile"},"timestamp":"2025-10-20 01:00:31,856+0530","service":"FyersAPIRequest"}
{"level":"DEBUG","location":"[get_call:140] fyersModel","message":{"Status Code":200,"API":"/quotes"},"timestamp":"2025-10-20 01:03:07,950+0530","service":"FyersAPIRequest"}
{"level":"DEBUG","location":"[get_call:140] fyersModel","message":{"Status Code":200,"API":"/profile"},"timestamp":"2025-10-20 01:03:21,696+0530","service":"FyersAPIRequest"}
{"level":"DEBUG","location":"[get_call:140] fyersModel","message":{"Status Code":200,"API":"/quotes"},"timestamp":"2025-10-20 01:04:51,711+0530","service":"FyersAPIRequest"}
{"level":"DEBUG","location":"[get_call:140] fyersModel","message":{"Status Code":200,"API":"/profile"},"timestamp":"2025-10-20 01:05:00,208+0530","service":"FyersAPIRequest"}
{"level":"DEBUG","location":"[get_call:140] fyersModel","message":{"Status Code":200,"API":"/quotes"},"timestamp":"2025-10-20 01:08:18,118+0530","service":"FyersAPIRequest"}
{"level":"DEBUG","location":"[get_call:140] fyersModel","message":{"Status Code":200,"API":"/profile"},"timestamp":"2025-10-20 01:08:29,807+0530","service":"FyersAPIRequest"}
{"level":"DEBUG","location":"[get_call:140] fyersModel","message":{"Status Code":200,"API":"/quotes"},"timestamp":"2025-10-20 01:09:18,647+0530","service":"FyersAPIRequest"}
{"level":"DEBUG","location":"[get_call:140] fyersModel","message":{"Status Code":200,"API":"/options-chain-v3"},"timestamp":"2025-10-20 01:09:19,179+0530","service":"FyersAPIRequest"}
{"level":"DEBUG","location":"[get_call:140] fyersModel","message":{"Status Code":200,"API":"/quotes"},"timestamp":"2025-10-20 01:09:20,141+0530","service":"FyersAPIRequest"}
{"level":"DEBUG","location":"[get_call:140] fyersModel","message":{"Status Code":200,"API":"/quotes"},"timestamp":"2025-10-20 01:16:43,783+0530","service":"FyersAPIRequest"}
{"level":"DEBUG","location":"[get_call:140] fyersModel","message":{"Status Code":200,"API":"/profile"},"timestamp":"2025-10-20 01:16:53,680+0530","service":"FyersAPIRequest"}
{"level":"DEBUG","location":"[get_call:140] fyersModel","message":{"Status Code":200,"API":"/options-chain-v3"},"timestamp":"2025-10-20 01:17:43,884+0530","service":"FyersAPIRequest"}
{"level":"DEBUG","location":"[get_call:140] fyersModel","message":{"Status Code":200,"API":"/options-chain-v3"},"timestamp":"2025-10-20 01:17:44,343+0530","service":"FyersAPIRequest"}
{"level":"DEBUG","location":"[get_call:140] fyersModel","message":{"Status Code":200,"API":"/options-chain-v3"},"timestamp":"2025-10-20 01:17:46,583+0530","service":"FyersAPIRequest"}
{"level":"DEBUG","location":"[get_call:140] fyersModel","message":{"Status Code":200,"API":"/options-chain-v3"},"timestamp":"2025-10-20 01:17:52,300+0530","service":"FyersAPIRequest"}
{"level":"DEBUG","location":"[get_call:140] fyersModel","message":{"Status Code":200,"API":"/quotes"},"timestamp":"2025-10-20 01:20:02,274+0530","service":"FyersAPIRequest"}
{"level":"DEBUG","location":"[get_call:140] fyersModel","message":{"Status Code":200,"API":"/profile"},"timestamp":"2025-10-20 01:25:42,788+0530","service":"FyersAPIRequest"}
{"level":"DEBUG","location":"[get_call:140] fyersModel","message":{"Status Code":200,"API":"/profile"},"timestamp":"2025-10-20 01:29:56,785+0530","service":"FyersAPIRequest"}
{"level":"DEBUG","location":"[get_call:140] fyersModel","message":{"Status Code":200,"API":"/options-chain-v3"},"timestamp":"2025-10-20 01:32:53,474+0530","service":"FyersAPIRequest"}
{"level":"DEBUG","location":"[get_call:140] fyersModel","message":{"Status Code":200,"API":"/options-chain-v3"},"timestamp":"2025-10-20 01:37:12,391+0530","service":"FyersAPIRequest"}
{"level":"DEBUG","location":"[get_call:140] fyersModel","message":{"Status Code":200,"API":"/options-chain-v3"},"timestamp":"2025-10-20 01:37:13,098+0530","service":"FyersAPIRequest"}
{"level":"DEBUG","location":"[get_call:140] fyersModel","message":{"Status Code":200,"API":"/quotes"},"timestamp":"2025-10-20 22:05:01,829+0530","service":"FyersAPIRequest"}
{"level":"DEBUG","location":"[get_call:140] fyersModel","message":{"Status Code":200,"API":"/quotes"},"timestamp":"2025-10-21 21:18:29,851+0530","service":"FyersAPIRequest"}
{"level":"DEBUG","location":"[get_call:140] fyersModel","message":{"Status Code":200,"API":"/quotes"},"timestamp":"2025-10-21 21:18:50,566+0530","service":"FyersAPIRequest"}
{"level":"DEBUG","location":"[get_call:140] fyersModel","message":{"Status Code":200,"API":"/quotes"},"timestamp":"2025-10-21 21:19:14,700+0530","service":"FyersAPIRequest"}
